nohup: ignoring input
Device:  cuda
Loading the dataset into memory...
Building the vocabulary...
Setting up data loaders...
Creating necessary directories...
Loaded checkpoint from epoch 1053
Starting the training...
Epoch [1054], Train Loss: 0.0861157757, Test Loss: 0.0869298453
Epoch [1055], Train Loss: 0.0855373173, Test Loss: 0.0893678019
Epoch [1056], Train Loss: 0.0861478046, Test Loss: 0.0831414273
Epoch [1057], Train Loss: 0.0857841187, Test Loss: 0.0839258407
Epoch [1058], Train Loss: 0.0860573747, Test Loss: 0.0854582247
Epoch [1059], Train Loss: 0.0849128187, Test Loss: 0.0843993766
Epoch [1060], Train Loss: 0.0860353720, Test Loss: 0.0847287614
Epoch [1061], Train Loss: 0.0859224547, Test Loss: 0.0870361682
Epoch [1062], Train Loss: 0.0859203629, Test Loss: 0.0860498575
Epoch [1063], Train Loss: 0.0852253579, Test Loss: 0.0906023398
Epoch [1064], Train Loss: 0.0854037024, Test Loss: 0.0833903810
Epoch [1065], Train Loss: 0.0855626117, Test Loss: 0.0840977251
Epoch [1066], Train Loss: 0.0854160142, Test Loss: 0.0835654393
Epoch [1067], Train Loss: 0.0857959311, Test Loss: 0.0845709572
Epoch [1068], Train Loss: 0.0854119891, Test Loss: 0.0868238722
Epoch [1069], Train Loss: 0.0852423415, Test Loss: 0.0866409276
Epoch [1070], Train Loss: 0.0851315198, Test Loss: 0.0842807758
Epoch [1071], Train Loss: 0.0853959650, Test Loss: 0.0847995896
Epoch [1072], Train Loss: 0.0849300142, Test Loss: 0.0833394689
Epoch [1073], Train Loss: 0.0852782474, Test Loss: 0.0890635536
Epoch [1074], Train Loss: 0.0854241432, Test Loss: 0.0844433808
Epoch [1075], Train Loss: 0.0846162745, Test Loss: 0.0845667531
Epoch [1076], Train Loss: 0.0850997312, Test Loss: 0.0861105609
Epoch [1077], Train Loss: 0.0846852605, Test Loss: 0.0836992487
Epoch [1078], Train Loss: 0.0846970655, Test Loss: 0.0830555121
Epoch [1079], Train Loss: 0.0847762345, Test Loss: 0.0836823639
Epoch [1080], Train Loss: 0.0852570681, Test Loss: 0.0878062222
Epoch [1081], Train Loss: 0.0844515249, Test Loss: 0.0839217828
Epoch [1082], Train Loss: 0.0852363444, Test Loss: 0.0847377100
Epoch [1083], Train Loss: 0.0845311117, Test Loss: 0.0874712171
Epoch [1084], Train Loss: 0.0854011903, Test Loss: 0.0830612612
Epoch [1085], Train Loss: 0.0848020455, Test Loss: 0.0856571591
Epoch [1086], Train Loss: 0.0850036609, Test Loss: 0.0840095584
Epoch [1087], Train Loss: 0.0850581762, Test Loss: 0.0845738322
Epoch [1088], Train Loss: 0.0846509343, Test Loss: 0.0877655043
Epoch [1089], Train Loss: 0.0844263181, Test Loss: 0.0828820110
Epoch [1090], Train Loss: 0.0844778733, Test Loss: 0.0849341763
Epoch [1091], Train Loss: 0.0848264679, Test Loss: 0.0840182965
Epoch [1092], Train Loss: 0.0841090410, Test Loss: 0.0847201731
Epoch [1093], Train Loss: 0.0841451644, Test Loss: 0.0835195808
Epoch [1094], Train Loss: 0.0844405349, Test Loss: 0.0834006959
Epoch [1095], Train Loss: 0.0842988886, Test Loss: 0.0857138159
Epoch [1096], Train Loss: 0.0844405445, Test Loss: 0.0846942326
Epoch [1097], Train Loss: 0.0847725871, Test Loss: 0.0834249131
Epoch [1098], Train Loss: 0.0838466857, Test Loss: 0.0827959319
Epoch [1099], Train Loss: 0.0842563743, Test Loss: 0.0833974890
Epoch [1100], Train Loss: 0.0836871589, Test Loss: 0.0869888934
Epoch [1101], Train Loss: 0.0840468378, Test Loss: 0.0844844250
Epoch [1102], Train Loss: 0.0836245788, Test Loss: 0.0848522251
Epoch [1103], Train Loss: 0.0845633990, Test Loss: 0.0828585461
Epoch [1104], Train Loss: 0.0842414338, Test Loss: 0.0832940075
Epoch [1105], Train Loss: 0.0842591546, Test Loss: 0.0846000688
Epoch [1106], Train Loss: 0.0837397290, Test Loss: 0.0826713139
Epoch [1107], Train Loss: 0.0837647359, Test Loss: 0.0835289273
Epoch [1108], Train Loss: 0.0841480508, Test Loss: 0.0832830332
Epoch [1109], Train Loss: 0.0842676459, Test Loss: 0.0826804015
Epoch [1110], Train Loss: 0.0839992393, Test Loss: 0.0847921636
Epoch [1111], Train Loss: 0.0835590004, Test Loss: 0.0828361322
Epoch [1112], Train Loss: 0.0839589782, Test Loss: 0.0827723051
Epoch [1113], Train Loss: 0.0840899323, Test Loss: 0.0851711267
Epoch [1114], Train Loss: 0.0836897323, Test Loss: 0.0836982763
Epoch [1115], Train Loss: 0.0835184677, Test Loss: 0.0826837164
Epoch [1116], Train Loss: 0.0835738148, Test Loss: 0.0826006628
Epoch [1117], Train Loss: 0.0834358467, Test Loss: 0.0855210905
Epoch [1118], Train Loss: 0.0832343622, Test Loss: 0.0836911470
Epoch [1119], Train Loss: 0.0834512216, Test Loss: 0.0827740709
Epoch [1120], Train Loss: 0.0833464470, Test Loss: 0.0830044978
Epoch [1121], Train Loss: 0.0831680580, Test Loss: 0.0824755354
Epoch [1122], Train Loss: 0.0836827298, Test Loss: 0.0837984953
Epoch [1123], Train Loss: 0.0839080640, Test Loss: 0.0845310011
Epoch [1124], Train Loss: 0.0840451828, Test Loss: 0.0826355867
Epoch [1125], Train Loss: 0.0829674413, Test Loss: 0.0833482147
Epoch [1126], Train Loss: 0.0831450635, Test Loss: 0.0833081686
Epoch [1127], Train Loss: 0.0840132190, Test Loss: 0.0861092512
Epoch [1128], Train Loss: 0.0834055189, Test Loss: 0.0861935474
Epoch [1129], Train Loss: 0.0834673666, Test Loss: 0.0832933115
Epoch [1130], Train Loss: 0.0829013119, Test Loss: 0.0828748324
Epoch [1131], Train Loss: 0.0834908853, Test Loss: 0.0827846440
Epoch [1132], Train Loss: 0.0837697305, Test Loss: 0.0828961140
Epoch [1133], Train Loss: 0.0834984062, Test Loss: 0.0825725507
Epoch [1134], Train Loss: 0.0832488483, Test Loss: 0.0826148644
Epoch [1135], Train Loss: 0.0828477064, Test Loss: 0.0826983907
Epoch [1136], Train Loss: 0.0830522459, Test Loss: 0.0825690313
Epoch [1137], Train Loss: 0.0835117029, Test Loss: 0.0822271665
Epoch [1138], Train Loss: 0.0830381049, Test Loss: 0.0825980217
Epoch [1139], Train Loss: 0.0829539777, Test Loss: 0.0841497083
Epoch [1140], Train Loss: 0.0827074704, Test Loss: 0.0851302805
Epoch [1141], Train Loss: 0.0827882785, Test Loss: 0.0835219210
Epoch [1142], Train Loss: 0.0825697386, Test Loss: 0.0836088423
Epoch [1143], Train Loss: 0.0827524261, Test Loss: 0.0850688837
Epoch [1144], Train Loss: 0.0833568031, Test Loss: 0.0826612053
Epoch [1145], Train Loss: 0.0827659914, Test Loss: 0.0823371448
Epoch [1146], Train Loss: 0.0825872086, Test Loss: 0.0843440465
Epoch [1147], Train Loss: 0.0829565284, Test Loss: 0.0822933281
Epoch [1148], Train Loss: 0.0824238558, Test Loss: 0.0836936822
Epoch [1149], Train Loss: 0.0825037885, Test Loss: 0.0823545030
Epoch [1150], Train Loss: 0.0825726010, Test Loss: 0.0853829128
Epoch [1151], Train Loss: 0.0827500332, Test Loss: 0.0820871813
Epoch [1152], Train Loss: 0.0827921002, Test Loss: 0.0845601637
Epoch [1153], Train Loss: 0.0828434004, Test Loss: 0.0823500917
Epoch [1154], Train Loss: 0.0827185136, Test Loss: 0.0826786435
Epoch [1155], Train Loss: 0.0829225323, Test Loss: 0.0844512677
Epoch [1156], Train Loss: 0.0829770358, Test Loss: 0.0843656867
Epoch [1157], Train Loss: 0.0824635267, Test Loss: 0.0820586184
Epoch [1158], Train Loss: 0.0828262643, Test Loss: 0.0857609439
Epoch [1159], Train Loss: 0.0826078872, Test Loss: 0.0835988203
Epoch [1160], Train Loss: 0.0821960884, Test Loss: 0.0842618852
Epoch [1161], Train Loss: 0.0822914479, Test Loss: 0.0830705256
Epoch [1162], Train Loss: 0.0823493275, Test Loss: 0.0833564889
Epoch [1163], Train Loss: 0.0825119120, Test Loss: 0.0836262214
Epoch [1164], Train Loss: 0.0824856852, Test Loss: 0.0828726647
Epoch [1165], Train Loss: 0.0827490295, Test Loss: 0.0823969224
Epoch [1166], Train Loss: 0.0820070643, Test Loss: 0.0893613408
Epoch [1167], Train Loss: 0.0821928591, Test Loss: 0.0822255393
Epoch [1168], Train Loss: 0.0824745911, Test Loss: 0.0818316714
Epoch [1169], Train Loss: 0.0821435576, Test Loss: 0.0828177862
Epoch [1170], Train Loss: 0.0822146855, Test Loss: 0.0825572889
Epoch [1171], Train Loss: 0.0822696343, Test Loss: 0.0826429358
Epoch [1172], Train Loss: 0.0817393229, Test Loss: 0.0830196329
Epoch [1173], Train Loss: 0.0818532341, Test Loss: 0.0821426305
Epoch [1174], Train Loss: 0.0819325914, Test Loss: 0.0838925836
Epoch [1175], Train Loss: 0.0819817691, Test Loss: 0.0823124937
Epoch [1176], Train Loss: 0.0820315838, Test Loss: 0.0834503886
Epoch [1177], Train Loss: 0.0823451294, Test Loss: 0.0847473650
Epoch [1178], Train Loss: 0.0817107079, Test Loss: 0.0817409546
Epoch [1179], Train Loss: 0.0820876791, Test Loss: 0.0840821647
Epoch [1180], Train Loss: 0.0816992793, Test Loss: 0.0853263482
Epoch [1181], Train Loss: 0.0824563844, Test Loss: 0.0849913436
Epoch [1182], Train Loss: 0.0814854639, Test Loss: 0.0876705193
Epoch [1183], Train Loss: 0.0813166045, Test Loss: 0.0864814518
Epoch [1184], Train Loss: 0.0819062722, Test Loss: 0.0830976600
Epoch [1185], Train Loss: 0.0812054341, Test Loss: 0.0818186223
Epoch [1186], Train Loss: 0.0815061394, Test Loss: 0.0849627193
Epoch [1187], Train Loss: 0.0812303498, Test Loss: 0.0837799434
Epoch [1188], Train Loss: 0.0814655653, Test Loss: 0.0841042265
Epoch [1189], Train Loss: 0.0817130893, Test Loss: 0.0816586125
Epoch [1190], Train Loss: 0.0815401731, Test Loss: 0.0847551559
Epoch [1191], Train Loss: 0.0809154530, Test Loss: 0.0838790327
Epoch [1192], Train Loss: 0.0807340825, Test Loss: 0.0830135324
Epoch [1193], Train Loss: 0.0812073915, Test Loss: 0.0823386232
Epoch [1194], Train Loss: 0.0819413684, Test Loss: 0.0831518792
Epoch [1195], Train Loss: 0.0816489615, Test Loss: 0.0871693216
Epoch [1196], Train Loss: 0.0811741104, Test Loss: 0.0846899357
Epoch [1197], Train Loss: 0.0811189049, Test Loss: 0.0828681914
Epoch [1198], Train Loss: 0.0811165700, Test Loss: 0.0868261238
Epoch [1199], Train Loss: 0.0814185017, Test Loss: 0.0850508712
Epoch [1200], Train Loss: 0.0806911226, Test Loss: 0.0848507574
Epoch [1201], Train Loss: 0.0814137638, Test Loss: 0.0818850318
Epoch [1202], Train Loss: 0.0812824851, Test Loss: 0.0825475678
Epoch [1203], Train Loss: 0.0811922650, Test Loss: 0.0814482244
Epoch [1204], Train Loss: 0.0813357786, Test Loss: 0.0829521312
Epoch [1205], Train Loss: 0.0811447313, Test Loss: 0.0844843073
Epoch [1206], Train Loss: 0.0812143337, Test Loss: 0.0836892460
Epoch [1207], Train Loss: 0.0812767041, Test Loss: 0.0820196178
Epoch [1208], Train Loss: 0.0807932992, Test Loss: 0.0882344139
Epoch [1209], Train Loss: 0.0810641159, Test Loss: 0.0835776552
Epoch [1210], Train Loss: 0.0811635997, Test Loss: 0.0838168272
Epoch [1211], Train Loss: 0.0805323663, Test Loss: 0.0831007776
Epoch [1212], Train Loss: 0.0809272904, Test Loss: 0.0841637336
Epoch [1213], Train Loss: 0.0805028841, Test Loss: 0.0831826007
Epoch [1214], Train Loss: 0.0806074512, Test Loss: 0.0815229945
Epoch [1215], Train Loss: 0.0813810749, Test Loss: 0.0819858468
Epoch [1216], Train Loss: 0.0806110452, Test Loss: 0.0829707322
Epoch [1217], Train Loss: 0.0808063811, Test Loss: 0.0814487032
Epoch [1218], Train Loss: 0.0802939232, Test Loss: 0.0872532567
Epoch [1219], Train Loss: 0.0806979700, Test Loss: 0.0817240172
Epoch [1220], Train Loss: 0.0806437026, Test Loss: 0.0869785846
Epoch [1221], Train Loss: 0.0805567236, Test Loss: 0.0837410687
Epoch [1222], Train Loss: 0.0808753091, Test Loss: 0.0812586668
Epoch [1223], Train Loss: 0.0805259526, Test Loss: 0.0815318805
Epoch [1224], Train Loss: 0.0804954272, Test Loss: 0.0827293061
Epoch [1225], Train Loss: 0.0806844475, Test Loss: 0.0845012861
Epoch [1226], Train Loss: 0.0804479017, Test Loss: 0.0841006873
Epoch [1227], Train Loss: 0.0808672514, Test Loss: 0.0825138285
Epoch [1228], Train Loss: 0.0802729367, Test Loss: 0.0832515538
Epoch [1229], Train Loss: 0.0801062586, Test Loss: 0.0834804790
Epoch [1230], Train Loss: 0.0801626441, Test Loss: 0.0838044617
Epoch [1231], Train Loss: 0.0800761197, Test Loss: 0.0827150677
Epoch [1232], Train Loss: 0.0802679564, Test Loss: 0.0846815413
Epoch [1233], Train Loss: 0.0801506632, Test Loss: 0.0830956634
Epoch [1234], Train Loss: 0.0804367484, Test Loss: 0.0822672993
Epoch [1235], Train Loss: 0.0800339990, Test Loss: 0.0876750492
Epoch [1236], Train Loss: 0.0801788983, Test Loss: 0.0824694669
Epoch [1237], Train Loss: 0.0804671130, Test Loss: 0.0836637339
Epoch [1238], Train Loss: 0.0793914063, Test Loss: 0.0859420790
Epoch [1239], Train Loss: 0.0802253553, Test Loss: 0.0816466781
Epoch [1240], Train Loss: 0.0797482334, Test Loss: 0.0844891920
Epoch [1241], Train Loss: 0.0799766433, Test Loss: 0.0844549834
Epoch [1242], Train Loss: 0.0801063923, Test Loss: 0.0816389302
Epoch [1243], Train Loss: 0.0798603170, Test Loss: 0.0816547867
Epoch [1244], Train Loss: 0.0802204387, Test Loss: 0.0835030808
Epoch [1245], Train Loss: 0.0799717677, Test Loss: 0.0855591088
Epoch [1246], Train Loss: 0.0795852571, Test Loss: 0.0831131457
Epoch [1247], Train Loss: 0.0797961930, Test Loss: 0.0811203011
Epoch [1248], Train Loss: 0.0793948761, Test Loss: 0.0837275721
Epoch [1249], Train Loss: 0.0800666510, Test Loss: 0.0849538745
Epoch [1250], Train Loss: 0.0801035959, Test Loss: 0.0831163028
Epoch [1251], Train Loss: 0.0800384813, Test Loss: 0.0822002622
Epoch [1252], Train Loss: 0.0798286246, Test Loss: 0.0823425012
Epoch [1253], Train Loss: 0.0799085871, Test Loss: 0.0824067440
Epoch [1254], Train Loss: 0.0793914511, Test Loss: 0.0836695509
Epoch [1255], Train Loss: 0.0799220189, Test Loss: 0.0833377205
Epoch [1256], Train Loss: 0.0797296895, Test Loss: 0.0835663546
Epoch [1257], Train Loss: 0.0792425426, Test Loss: 0.0850824711
Epoch [1258], Train Loss: 0.0798643688, Test Loss: 0.0821091959
Epoch [1259], Train Loss: 0.0791042064, Test Loss: 0.0814954306
Epoch [1260], Train Loss: 0.0798829984, Test Loss: 0.0810645505
Epoch [1261], Train Loss: 0.0794588257, Test Loss: 0.0811270172
Epoch [1262], Train Loss: 0.0792258459, Test Loss: 0.0820028765
Epoch [1263], Train Loss: 0.0796420313, Test Loss: 0.0852619841
Epoch [1264], Train Loss: 0.0796698778, Test Loss: 0.0831268940
Epoch [1265], Train Loss: 0.0798461456, Test Loss: 0.0833973096
Epoch [1266], Train Loss: 0.0795067788, Test Loss: 0.0808127234
Epoch [1267], Train Loss: 0.0792034626, Test Loss: 0.0851937667
Epoch [1268], Train Loss: 0.0794147226, Test Loss: 0.0837662907
Epoch [1269], Train Loss: 0.0795091233, Test Loss: 0.0815375920
Epoch [1270], Train Loss: 0.0793835106, Test Loss: 0.0858413164
Epoch [1271], Train Loss: 0.0794652165, Test Loss: 0.0811325261
Epoch [1272], Train Loss: 0.0791158473, Test Loss: 0.0821300803
Epoch [1273], Train Loss: 0.0795018669, Test Loss: 0.0849897377
Epoch [1274], Train Loss: 0.0795466303, Test Loss: 0.0851682196
Epoch [1275], Train Loss: 0.0790784595, Test Loss: 0.0815615436
Epoch [1276], Train Loss: 0.0790636319, Test Loss: 0.0823695123
Epoch [1277], Train Loss: 0.0792028404, Test Loss: 0.0814122447
Epoch [1278], Train Loss: 0.0791272691, Test Loss: 0.0806808051
Epoch [1279], Train Loss: 0.0789429087, Test Loss: 0.0828842006
Epoch [1280], Train Loss: 0.0794964458, Test Loss: 0.0808252176
Epoch [1281], Train Loss: 0.0791067196, Test Loss: 0.0826552873
Epoch [1282], Train Loss: 0.0790919060, Test Loss: 0.0806012214
Epoch [1283], Train Loss: 0.0791172327, Test Loss: 0.0820002167
Epoch [1284], Train Loss: 0.0790186990, Test Loss: 0.0817003890
Epoch [1285], Train Loss: 0.0788723828, Test Loss: 0.0811730003
Epoch [1286], Train Loss: 0.0786480570, Test Loss: 0.0829672753
Epoch [1287], Train Loss: 0.0792532643, Test Loss: 0.0840513357
Epoch [1288], Train Loss: 0.0792460600, Test Loss: 0.0832453264
Epoch [1289], Train Loss: 0.0789756061, Test Loss: 0.0817354848
Epoch [1290], Train Loss: 0.0788821282, Test Loss: 0.0838718313
Epoch [1291], Train Loss: 0.0788367963, Test Loss: 0.0843520019
Epoch [1292], Train Loss: 0.0786431758, Test Loss: 0.0812556454
Epoch [1293], Train Loss: 0.0786022504, Test Loss: 0.0889795944
Epoch [1294], Train Loss: 0.0787748823, Test Loss: 0.0840146042
Epoch [1295], Train Loss: 0.0785633916, Test Loss: 0.0818661090
Epoch [1296], Train Loss: 0.0788681661, Test Loss: 0.0860728789
Epoch [1297], Train Loss: 0.0789173573, Test Loss: 0.0825389287
Epoch [1298], Train Loss: 0.0786589630, Test Loss: 0.0880865222
Epoch [1299], Train Loss: 0.0785888401, Test Loss: 0.0831940404
Epoch [1300], Train Loss: 0.0787841611, Test Loss: 0.0816607113
Epoch [1301], Train Loss: 0.0784789589, Test Loss: 0.0827369752
Epoch [1302], Train Loss: 0.0786976703, Test Loss: 0.0836957948
Epoch [1303], Train Loss: 0.0785913751, Test Loss: 0.0838540660
Epoch [1304], Train Loss: 0.0781840594, Test Loss: 0.0807071894
Epoch [1305], Train Loss: 0.0787368530, Test Loss: 0.0829286722
Epoch [1306], Train Loss: 0.0784452113, Test Loss: 0.0848928864
Epoch [1307], Train Loss: 0.0787599968, Test Loss: 0.0816905261
Epoch [1308], Train Loss: 0.0780774844, Test Loss: 0.0820220805
Epoch [1309], Train Loss: 0.0782336687, Test Loss: 0.0819751088
Epoch [1310], Train Loss: 0.0783654419, Test Loss: 0.0847008379
Epoch [1311], Train Loss: 0.0783607620, Test Loss: 0.0817831137
Epoch [1312], Train Loss: 0.0783710271, Test Loss: 0.0812177669
Epoch [1313], Train Loss: 0.0781820987, Test Loss: 0.0823832078
Epoch [1314], Train Loss: 0.0789272806, Test Loss: 0.0851094890
Epoch [1315], Train Loss: 0.0777736840, Test Loss: 0.0863509633
Epoch [1316], Train Loss: 0.0778991242, Test Loss: 0.0805263970
Epoch [1317], Train Loss: 0.0780982816, Test Loss: 0.0808932160
Epoch [1318], Train Loss: 0.0782689819, Test Loss: 0.0821283185
Epoch [1319], Train Loss: 0.0786818438, Test Loss: 0.0817679647
Epoch [1320], Train Loss: 0.0784021949, Test Loss: 0.0821946555
Epoch [1321], Train Loss: 0.0780960203, Test Loss: 0.0808954673
Epoch [1322], Train Loss: 0.0778520159, Test Loss: 0.0836370449
Epoch [1323], Train Loss: 0.0777507712, Test Loss: 0.0823652130
Epoch [1324], Train Loss: 0.0782052446, Test Loss: 0.0827939971
Epoch [1325], Train Loss: 0.0778401533, Test Loss: 0.0806166111
Epoch [1326], Train Loss: 0.0776637779, Test Loss: 0.0822014023
Epoch [1327], Train Loss: 0.0780062501, Test Loss: 0.0831364786
Epoch [1328], Train Loss: 0.0777299130, Test Loss: 0.0814107199
Epoch [1329], Train Loss: 0.0774709656, Test Loss: 0.0819254833
Epoch [1330], Train Loss: 0.0778378376, Test Loss: 0.0825918229
Epoch [1331], Train Loss: 0.0781390940, Test Loss: 0.0820746789
Epoch [1332], Train Loss: 0.0777198424, Test Loss: 0.0814137153
Epoch [1333], Train Loss: 0.0777007562, Test Loss: 0.0808078499
Epoch [1334], Train Loss: 0.0780507491, Test Loss: 0.0849359643
Epoch [1335], Train Loss: 0.0780046170, Test Loss: 0.0827794110
Epoch [1336], Train Loss: 0.0776131887, Test Loss: 0.0804681131
Epoch [1337], Train Loss: 0.0777109137, Test Loss: 0.0828693460
Epoch [1338], Train Loss: 0.0773173865, Test Loss: 0.0821417093
Epoch [1339], Train Loss: 0.0781636758, Test Loss: 0.0813935838
Epoch [1340], Train Loss: 0.0777345986, Test Loss: 0.0850613470
Epoch [1341], Train Loss: 0.0775619759, Test Loss: 0.0838953255
Epoch [1342], Train Loss: 0.0776288998, Test Loss: 0.0812837667
Epoch [1343], Train Loss: 0.0779592589, Test Loss: 0.0840933348
Epoch [1344], Train Loss: 0.0772803721, Test Loss: 0.0832002169
Epoch [1345], Train Loss: 0.0775897215, Test Loss: 0.0807460080
Epoch [1346], Train Loss: 0.0778261554, Test Loss: 0.0810873761
Epoch [1347], Train Loss: 0.0772129925, Test Loss: 0.0852577895
Epoch [1348], Train Loss: 0.0772552530, Test Loss: 0.0822691952
Epoch [1349], Train Loss: 0.0769854881, Test Loss: 0.0814328638
Epoch [1350], Train Loss: 0.0773758226, Test Loss: 0.0814322325
Epoch [1351], Train Loss: 0.0775470750, Test Loss: 0.0846978510
Epoch [1352], Train Loss: 0.0776248556, Test Loss: 0.0827190365
Epoch [1353], Train Loss: 0.0771029669, Test Loss: 0.0812982718
Epoch [1354], Train Loss: 0.0771599412, Test Loss: 0.0844569907
Epoch [1355], Train Loss: 0.0774674940, Test Loss: 0.0819620621
Epoch [1356], Train Loss: 0.0773827012, Test Loss: 0.0811119507
Epoch [1357], Train Loss: 0.0771625787, Test Loss: 0.0846672952
Epoch [1358], Train Loss: 0.0769594482, Test Loss: 0.0811281979
Epoch [1359], Train Loss: 0.0771341523, Test Loss: 0.0829825097
Epoch [1360], Train Loss: 0.0774231225, Test Loss: 0.0818990450
Epoch [1361], Train Loss: 0.0775434125, Test Loss: 0.0860956198
Epoch [1362], Train Loss: 0.0770498608, Test Loss: 0.0819091085
Epoch [1363], Train Loss: 0.0768164100, Test Loss: 0.0828118674
Epoch [1364], Train Loss: 0.0771517424, Test Loss: 0.0832272580
Epoch [1365], Train Loss: 0.0770035478, Test Loss: 0.0802310524
Epoch [1366], Train Loss: 0.0773209626, Test Loss: 0.0805355626
Epoch [1367], Train Loss: 0.0774185069, Test Loss: 0.0798225231
Epoch [1368], Train Loss: 0.0770344846, Test Loss: 0.0819246848
Epoch [1369], Train Loss: 0.0776039685, Test Loss: 0.0834703034
Epoch [1370], Train Loss: 0.0771100344, Test Loss: 0.0812946014
Epoch [1371], Train Loss: 0.0771181243, Test Loss: 0.0800584299
Epoch [1372], Train Loss: 0.0772491026, Test Loss: 0.0834515088
Epoch [1373], Train Loss: 0.0768911747, Test Loss: 0.0799265698
Epoch [1374], Train Loss: 0.0770418642, Test Loss: 0.0827254785
Epoch [1375], Train Loss: 0.0765759995, Test Loss: 0.0830092325
Epoch [1376], Train Loss: 0.0772240925, Test Loss: 0.0825749591
Epoch [1377], Train Loss: 0.0764211238, Test Loss: 0.0797495206
Epoch [1378], Train Loss: 0.0771673469, Test Loss: 0.0819688227
Epoch [1379], Train Loss: 0.0767007597, Test Loss: 0.0803126994
Epoch [1380], Train Loss: 0.0771851800, Test Loss: 0.0804095590
Epoch [1381], Train Loss: 0.0769305771, Test Loss: 0.0846352485
Epoch [1382], Train Loss: 0.0765645940, Test Loss: 0.0807648098
Epoch [1383], Train Loss: 0.0766531317, Test Loss: 0.0869374398
Epoch [1384], Train Loss: 0.0764264015, Test Loss: 0.0822395892
Epoch [1385], Train Loss: 0.0762422760, Test Loss: 0.0823347850
Epoch [1386], Train Loss: 0.0765364966, Test Loss: 0.0833625714
Epoch [1387], Train Loss: 0.0766945870, Test Loss: 0.0846176659
Epoch [1388], Train Loss: 0.0768742129, Test Loss: 0.0821713649
Epoch [1389], Train Loss: 0.0765386785, Test Loss: 0.0803476231
Epoch [1390], Train Loss: 0.0763687389, Test Loss: 0.0824348752
Epoch [1391], Train Loss: 0.0763694552, Test Loss: 0.0845517403
Epoch [1392], Train Loss: 0.0760051262, Test Loss: 0.0828884433
Epoch [1393], Train Loss: 0.0765223514, Test Loss: 0.0800744738
Epoch [1394], Train Loss: 0.0761965332, Test Loss: 0.0854098732
Epoch [1395], Train Loss: 0.0762924264, Test Loss: 0.0797392535
Epoch [1396], Train Loss: 0.0762306652, Test Loss: 0.0808186629
Epoch [1397], Train Loss: 0.0764923198, Test Loss: 0.0838460776
Epoch [1398], Train Loss: 0.0764020131, Test Loss: 0.0827997976
Epoch [1399], Train Loss: 0.0763952763, Test Loss: 0.0795804845
Epoch [1400], Train Loss: 0.0766641829, Test Loss: 0.0811294606
Epoch [1401], Train Loss: 0.0766755495, Test Loss: 0.0804058065
Epoch [1402], Train Loss: 0.0761807696, Test Loss: 0.0847367701
Epoch [1403], Train Loss: 0.0759372046, Test Loss: 0.0816753528
Epoch [1404], Train Loss: 0.0763597750, Test Loss: 0.0809661056
Epoch [1405], Train Loss: 0.0762764880, Test Loss: 0.0830930415
Epoch [1406], Train Loss: 0.0762622522, Test Loss: 0.0835300384
Epoch [1407], Train Loss: 0.0760762749, Test Loss: 0.0822085753
Epoch [1408], Train Loss: 0.0760914269, Test Loss: 0.0796388127
Epoch [1409], Train Loss: 0.0761561279, Test Loss: 0.0806979963
Epoch [1410], Train Loss: 0.0764427806, Test Loss: 0.0827202444
Epoch [1411], Train Loss: 0.0755503828, Test Loss: 0.0831580041
Epoch [1412], Train Loss: 0.0764789526, Test Loss: 0.0847026714
Epoch [1413], Train Loss: 0.0760494624, Test Loss: 0.0861590251
Epoch [1414], Train Loss: 0.0760847402, Test Loss: 0.0818919078
Epoch [1415], Train Loss: 0.0762442829, Test Loss: 0.0830061239
Epoch [1416], Train Loss: 0.0760449613, Test Loss: 0.0847478942
Epoch [1417], Train Loss: 0.0756690112, Test Loss: 0.0820016117
Epoch [1418], Train Loss: 0.0758935065, Test Loss: 0.0812116890
Epoch [1419], Train Loss: 0.0760806937, Test Loss: 0.0837819502
Epoch [1420], Train Loss: 0.0760728352, Test Loss: 0.0793963137
Epoch [1421], Train Loss: 0.0758794198, Test Loss: 0.0803374283
Epoch [1422], Train Loss: 0.0756849281, Test Loss: 0.0828156886
Epoch [1423], Train Loss: 0.0758615101, Test Loss: 0.0796373136
Epoch [1424], Train Loss: 0.0756493797, Test Loss: 0.0818473100
Epoch [1425], Train Loss: 0.0756556168, Test Loss: 0.0813772306
Epoch [1426], Train Loss: 0.0756839092, Test Loss: 0.0815429241
Epoch [1427], Train Loss: 0.0761641053, Test Loss: 0.0861473907
Epoch [1428], Train Loss: 0.0758987675, Test Loss: 0.0800650001
Epoch [1429], Train Loss: 0.0757845505, Test Loss: 0.0830025020
Epoch [1430], Train Loss: 0.0756075030, Test Loss: 0.0864632198
Epoch [1431], Train Loss: 0.0758693215, Test Loss: 0.0811899280
Epoch [1432], Train Loss: 0.0754821410, Test Loss: 0.0793971790
Epoch [1433], Train Loss: 0.0761895698, Test Loss: 0.0807402619
Epoch [1434], Train Loss: 0.0753283538, Test Loss: 0.0817349922
Epoch [1435], Train Loss: 0.0756522562, Test Loss: 0.0815732531
Epoch [1436], Train Loss: 0.0751339495, Test Loss: 0.0825872378
Epoch [1437], Train Loss: 0.0758305083, Test Loss: 0.0803019898
Epoch [1438], Train Loss: 0.0752490434, Test Loss: 0.0802407490
Epoch [1439], Train Loss: 0.0756943697, Test Loss: 0.0872203558
Epoch [1440], Train Loss: 0.0750667797, Test Loss: 0.0792742824
Epoch [1441], Train Loss: 0.0753723706, Test Loss: 0.0830293780
Epoch [1442], Train Loss: 0.0752285643, Test Loss: 0.0807631269
Epoch [1443], Train Loss: 0.0755920221, Test Loss: 0.0804128179
Epoch [1444], Train Loss: 0.0756056240, Test Loss: 0.0821620375
Epoch [1445], Train Loss: 0.0749572402, Test Loss: 0.0802563332
Epoch [1446], Train Loss: 0.0757753980, Test Loss: 0.0831454097
Epoch [1447], Train Loss: 0.0753160973, Test Loss: 0.0833114535
Epoch [1448], Train Loss: 0.0753789709, Test Loss: 0.0834844275
Epoch [1449], Train Loss: 0.0751854359, Test Loss: 0.0823002593
Epoch [1450], Train Loss: 0.0753393326, Test Loss: 0.0813299076
Epoch [1451], Train Loss: 0.0749856952, Test Loss: 0.0797142095
Epoch [1452], Train Loss: 0.0748044206, Test Loss: 0.0859216991
Epoch [1453], Train Loss: 0.0754451725, Test Loss: 0.0798811804
Epoch [1454], Train Loss: 0.0750567315, Test Loss: 0.0816322049
Epoch [1455], Train Loss: 0.0754559952, Test Loss: 0.0837383241
Epoch [1456], Train Loss: 0.0752102098, Test Loss: 0.0806787369
Epoch [1457], Train Loss: 0.0753027032, Test Loss: 0.0826236593
Epoch [1458], Train Loss: 0.0746542251, Test Loss: 0.0811178658
Epoch [1459], Train Loss: 0.0752538700, Test Loss: 0.0864029024
Epoch [1460], Train Loss: 0.0754705444, Test Loss: 0.0799221490
Epoch [1461], Train Loss: 0.0746678928, Test Loss: 0.0829328263
Epoch [1462], Train Loss: 0.0748991669, Test Loss: 0.0800702293
Epoch [1463], Train Loss: 0.0750724156, Test Loss: 0.0790561546
Epoch [1464], Train Loss: 0.0748771512, Test Loss: 0.0803904991
Epoch [1465], Train Loss: 0.0746795961, Test Loss: 0.0850476739
Epoch [1466], Train Loss: 0.0745954381, Test Loss: 0.0794348535
Epoch [1467], Train Loss: 0.0750019440, Test Loss: 0.0813720456
Epoch [1468], Train Loss: 0.0751088050, Test Loss: 0.0794771588
Epoch [1469], Train Loss: 0.0747465723, Test Loss: 0.0812924588
Epoch [1470], Train Loss: 0.0748116654, Test Loss: 0.0815021002
Epoch [1471], Train Loss: 0.0749294092, Test Loss: 0.0813649696
Epoch [1472], Train Loss: 0.0747913532, Test Loss: 0.0791292497
Epoch [1473], Train Loss: 0.0749181110, Test Loss: 0.0819692291
Epoch [1474], Train Loss: 0.0748882757, Test Loss: 0.0832171307
Epoch [1475], Train Loss: 0.0744214099, Test Loss: 0.0808965081
Epoch [1476], Train Loss: 0.0752275437, Test Loss: 0.0799987347
Epoch [1477], Train Loss: 0.0748751053, Test Loss: 0.0807957756
Epoch [1478], Train Loss: 0.0747934507, Test Loss: 0.0797843506
Epoch [1479], Train Loss: 0.0746949978, Test Loss: 0.0812553205
Epoch [1480], Train Loss: 0.0747855716, Test Loss: 0.0801839499
Epoch [1481], Train Loss: 0.0748239676, Test Loss: 0.0788973208
Epoch [1482], Train Loss: 0.0742820660, Test Loss: 0.0813852152
Epoch [1483], Train Loss: 0.0748820678, Test Loss: 0.0906884467
Epoch [1484], Train Loss: 0.0744993071, Test Loss: 0.0796916198
Epoch [1485], Train Loss: 0.0746755563, Test Loss: 0.0856024585
Epoch [1486], Train Loss: 0.0742641603, Test Loss: 0.0808117668
Epoch [1487], Train Loss: 0.0747461741, Test Loss: 0.0788536362
Epoch [1488], Train Loss: 0.0745542767, Test Loss: 0.0793429210
Epoch [1489], Train Loss: 0.0748801076, Test Loss: 0.0809194629
Epoch [1490], Train Loss: 0.0745257826, Test Loss: 0.0800504664
Epoch [1491], Train Loss: 0.0742848191, Test Loss: 0.0891682282
Epoch [1492], Train Loss: 0.0742740281, Test Loss: 0.0840632759
Epoch [1493], Train Loss: 0.0745979379, Test Loss: 0.0803808993
Epoch [1494], Train Loss: 0.0740423993, Test Loss: 0.0792098061
Epoch [1495], Train Loss: 0.0742844830, Test Loss: 0.0803743683
Epoch [1496], Train Loss: 0.0744708553, Test Loss: 0.0795234978
Epoch [1497], Train Loss: 0.0746373409, Test Loss: 0.0807822982
Epoch [1498], Train Loss: 0.0743958353, Test Loss: 0.0817614701
Epoch [1499], Train Loss: 0.0740347185, Test Loss: 0.0820422227
Epoch [1500], Train Loss: 0.0743655322, Test Loss: 0.0817881475
Epoch [1501], Train Loss: 0.0742324798, Test Loss: 0.0836822546
Epoch [1502], Train Loss: 0.0742273477, Test Loss: 0.0815419388
Epoch [1503], Train Loss: 0.0743876410, Test Loss: 0.0828004020
Epoch [1504], Train Loss: 0.0740261406, Test Loss: 0.0829296123
Epoch [1505], Train Loss: 0.0743582263, Test Loss: 0.0840244287
Epoch [1506], Train Loss: 0.0738592683, Test Loss: 0.0798793508
Epoch [1507], Train Loss: 0.0743493177, Test Loss: 0.0841538922
Epoch [1508], Train Loss: 0.0740563832, Test Loss: 0.0809141056
Epoch [1509], Train Loss: 0.0743963789, Test Loss: 0.0792065849
Epoch [1510], Train Loss: 0.0743667195, Test Loss: 0.0817331228
Epoch [1511], Train Loss: 0.0741109686, Test Loss: 0.0833869443
Epoch [1512], Train Loss: 0.0741435840, Test Loss: 0.0801900136
Epoch [1513], Train Loss: 0.0739098065, Test Loss: 0.0819033476
Epoch [1514], Train Loss: 0.0736623808, Test Loss: 0.0787624867
Epoch [1515], Train Loss: 0.0738034355, Test Loss: 0.0866054449
Epoch [1516], Train Loss: 0.0742842697, Test Loss: 0.0786858274
Epoch [1517], Train Loss: 0.0738628667, Test Loss: 0.0843313661
Epoch [1518], Train Loss: 0.0742420696, Test Loss: 0.0846495136
Epoch [1519], Train Loss: 0.0738217804, Test Loss: 0.0809876292
Epoch [1520], Train Loss: 0.0740231251, Test Loss: 0.0840666047
Epoch [1521], Train Loss: 0.0737294425, Test Loss: 0.0800963358
Epoch [1522], Train Loss: 0.0737399201, Test Loss: 0.0805139614
Epoch [1523], Train Loss: 0.0738519149, Test Loss: 0.0817824576
Epoch [1524], Train Loss: 0.0735478966, Test Loss: 0.0829482159
Epoch [1525], Train Loss: 0.0741114937, Test Loss: 0.0807191100
Epoch [1526], Train Loss: 0.0736633374, Test Loss: 0.0793067271
Epoch [1527], Train Loss: 0.0735838576, Test Loss: 0.0809027952
Epoch [1528], Train Loss: 0.0742607531, Test Loss: 0.0868357808
Epoch [1529], Train Loss: 0.0736977050, Test Loss: 0.0825313880
Epoch [1530], Train Loss: 0.0738731310, Test Loss: 0.0818326307
Epoch [1531], Train Loss: 0.0735901333, Test Loss: 0.0787427253
Epoch [1532], Train Loss: 0.0736173024, Test Loss: 0.0808325223
Epoch [1533], Train Loss: 0.0738070426, Test Loss: 0.0815018254
Epoch [1534], Train Loss: 0.0737060354, Test Loss: 0.0883983664
Epoch [1535], Train Loss: 0.0735523279, Test Loss: 0.0798714561
Epoch [1536], Train Loss: 0.0733729732, Test Loss: 0.0794144795
Epoch [1537], Train Loss: 0.0734798175, Test Loss: 0.0792681853
Epoch [1538], Train Loss: 0.0737567409, Test Loss: 0.0786778713
Epoch [1539], Train Loss: 0.0734779992, Test Loss: 0.0802645756
Epoch [1540], Train Loss: 0.0735342183, Test Loss: 0.0817795916
Epoch [1541], Train Loss: 0.0732202543, Test Loss: 0.0819238709
Epoch [1542], Train Loss: 0.0736834347, Test Loss: 0.0851500343
Epoch [1543], Train Loss: 0.0733037320, Test Loss: 0.0805376139
Epoch [1544], Train Loss: 0.0735371802, Test Loss: 0.0814845175
Epoch [1545], Train Loss: 0.0737666047, Test Loss: 0.0826151573
Epoch [1546], Train Loss: 0.0732062746, Test Loss: 0.0823047642
Epoch [1547], Train Loss: 0.0732787905, Test Loss: 0.0810469442
Epoch [1548], Train Loss: 0.0733918890, Test Loss: 0.0826927066
Epoch [1549], Train Loss: 0.0731572913, Test Loss: 0.0845623468
Epoch [1550], Train Loss: 0.0734117043, Test Loss: 0.0826156979
Epoch [1551], Train Loss: 0.0730647294, Test Loss: 0.0787767585
Epoch [1552], Train Loss: 0.0732379506, Test Loss: 0.0822590808
Epoch [1553], Train Loss: 0.0734386204, Test Loss: 0.0834704385
Epoch [1554], Train Loss: 0.0731257520, Test Loss: 0.0806644456
Epoch [1555], Train Loss: 0.0732212710, Test Loss: 0.0802921043
Epoch [1556], Train Loss: 0.0735040147, Test Loss: 0.0799209492
Epoch [1557], Train Loss: 0.0730537338, Test Loss: 0.0799535363
Epoch [1558], Train Loss: 0.0729258871, Test Loss: 0.0810403372
Epoch [1559], Train Loss: 0.0730138174, Test Loss: 0.0799854173
Epoch [1560], Train Loss: 0.0726403281, Test Loss: 0.0813673880
Epoch [1561], Train Loss: 0.0732616270, Test Loss: 0.0822832476
Epoch [1562], Train Loss: 0.0729992662, Test Loss: 0.0810390315
Epoch [1563], Train Loss: 0.0733922291, Test Loss: 0.0820498471
Epoch [1564], Train Loss: 0.0729245515, Test Loss: 0.0788549117
Epoch [1565], Train Loss: 0.0731653749, Test Loss: 0.0852734737
Epoch [1566], Train Loss: 0.0728101458, Test Loss: 0.0798689715
Epoch [1567], Train Loss: 0.0730126771, Test Loss: 0.0795731225
Epoch [1568], Train Loss: 0.0729716274, Test Loss: 0.0826225451
Epoch [1569], Train Loss: 0.0732173465, Test Loss: 0.0793688766
Epoch [1570], Train Loss: 0.0730702664, Test Loss: 0.0792047026
Epoch [1571], Train Loss: 0.0728327923, Test Loss: 0.0790778382
Epoch [1572], Train Loss: 0.0728206768, Test Loss: 0.0809378228
Epoch [1573], Train Loss: 0.0730858485, Test Loss: 0.0791496177
Epoch [1574], Train Loss: 0.0726902096, Test Loss: 0.0807474983
Epoch [1575], Train Loss: 0.0727388451, Test Loss: 0.0841924095
Epoch [1576], Train Loss: 0.0727551940, Test Loss: 0.0824818720
Epoch [1577], Train Loss: 0.0726269804, Test Loss: 0.0787720913
Epoch [1578], Train Loss: 0.0730517383, Test Loss: 0.0830093190
Epoch [1579], Train Loss: 0.0733487500, Test Loss: 0.0794610867
Epoch [1580], Train Loss: 0.0725531541, Test Loss: 0.0827319436
Epoch [1581], Train Loss: 0.0728988496, Test Loss: 0.0805182706
Epoch [1582], Train Loss: 0.0723605746, Test Loss: 0.0784905857
Epoch [1583], Train Loss: 0.0727344641, Test Loss: 0.0813973667
Epoch [1584], Train Loss: 0.0721629686, Test Loss: 0.0813043365
Epoch [1585], Train Loss: 0.0725832964, Test Loss: 0.0823432339
Epoch [1586], Train Loss: 0.0725503806, Test Loss: 0.0809221082
Epoch [1587], Train Loss: 0.0722613195, Test Loss: 0.0789694581
Epoch [1588], Train Loss: 0.0726007093, Test Loss: 0.0807195078
Epoch [1589], Train Loss: 0.0723612195, Test Loss: 0.0806654526
Epoch [1590], Train Loss: 0.0725840526, Test Loss: 0.0815069679
Epoch [1591], Train Loss: 0.0725671144, Test Loss: 0.0783106062
Epoch [1592], Train Loss: 0.0723140960, Test Loss: 0.0848853942
Epoch [1593], Train Loss: 0.0723738354, Test Loss: 0.0877306498
Epoch [1594], Train Loss: 0.0725485965, Test Loss: 0.0796613405
Epoch [1595], Train Loss: 0.0724438305, Test Loss: 0.0790543788
Epoch [1596], Train Loss: 0.0723784476, Test Loss: 0.0789080534
Epoch [1597], Train Loss: 0.0723574270, Test Loss: 0.0797201149
Epoch [1598], Train Loss: 0.0725188189, Test Loss: 0.0828989685
Epoch [1599], Train Loss: 0.0721399567, Test Loss: 0.0805475095
Epoch [1600], Train Loss: 0.0726864100, Test Loss: 0.0800942121
Epoch [1601], Train Loss: 0.0726167255, Test Loss: 0.0809499703
Epoch [1602], Train Loss: 0.0724679100, Test Loss: 0.0790525770
Epoch [1603], Train Loss: 0.0723103577, Test Loss: 0.0825475144
Epoch [1604], Train Loss: 0.0722470911, Test Loss: 0.0788777632
Epoch [1605], Train Loss: 0.0724450739, Test Loss: 0.0785085890
Epoch [1606], Train Loss: 0.0722419380, Test Loss: 0.0817888817
Epoch [1607], Train Loss: 0.0721040515, Test Loss: 0.0820852180
Epoch [1608], Train Loss: 0.0724004409, Test Loss: 0.0824194174
Epoch [1609], Train Loss: 0.0723557866, Test Loss: 0.0847632498
Epoch [1610], Train Loss: 0.0722289868, Test Loss: 0.0785063359
Epoch [1611], Train Loss: 0.0724979409, Test Loss: 0.0784384950
Epoch [1612], Train Loss: 0.0719641390, Test Loss: 0.0820691123
Epoch [1613], Train Loss: 0.0721133487, Test Loss: 0.0784190577
Epoch [1614], Train Loss: 0.0721408374, Test Loss: 0.0802963873
Epoch [1615], Train Loss: 0.0723000936, Test Loss: 0.0791611472
Epoch [1616], Train Loss: 0.0721738319, Test Loss: 0.0811169133
Epoch [1617], Train Loss: 0.0719832815, Test Loss: 0.0831203651
Epoch [1618], Train Loss: 0.0719420390, Test Loss: 0.0789383657
Epoch [1619], Train Loss: 0.0720122638, Test Loss: 0.0810916257
